<?xml version="1.0" encoding="UTF-8"?>
<!-- Generated by org.testng.reporters.JUnitReportReporter -->
<testsuite skipped="0" hostname="DELL" name="com.Amazon.Snapshot" tests="1" failures="0" timestamp="2022-05-05T01:50:55 IST" time="9.565" errors="0">
  <testcase name="screenshot" time="9.565" classname="com.Amazon.Snapshot"/>
  <system-out/>
</testsuite> <!-- com.Amazon.Snapshot -->
